2011-03-22 16:38:06 [INFO] Starting minecraft server version Beta 1.3
2011-03-22 16:38:06 [INFO] Loading properties
2011-03-22 16:38:06 [INFO] Starting Minecraft server on *:25565
2011-03-22 16:38:06 [INFO] Preparing level "world"
2011-03-22 16:38:06 [INFO] Preparing start region
2011-03-22 16:38:07 [INFO] Done (1012455334ns)! For help, type "help" or "?"
2011-03-22 16:54:21 [INFO] Starting minecraft server version Beta 1.3
2011-03-22 16:54:21 [INFO] Loading properties
2011-03-22 16:54:21 [INFO] Starting Minecraft server on *:25565
2011-03-22 16:54:21 [INFO] Preparing level "world"
2011-03-22 16:54:21 [INFO] Preparing start region
2011-03-22 16:54:22 [INFO] Preparing spawn area: 81%
2011-03-22 16:54:22 [INFO] Done (1232620872ns)! For help, type "help" or "?"
2011-03-22 17:01:02 [INFO] _V_ [/88.71.89.15:51219] logged in with entity id 166
2011-03-22 17:01:14 [INFO] _V_ issued server command: help
2011-03-22 17:01:21 [INFO] _V_ issued server command: time set 0
2011-03-22 17:01:21 [INFO] _V_: Set time to 0
2011-03-22 17:05:50 [INFO] _V_ issued server command: time set 0
2011-03-22 17:05:50 [INFO] _V_: Set time to 0
2011-03-22 17:06:52 [INFO] mightymomo [/217.252.85.117:52245] logged in with entity id 14353
2011-03-22 17:06:57 [INFO] mightymomo tried command: list
2011-03-22 17:06:59 [INFO] <mightymomo> mehh
2011-03-22 17:07:01 [INFO] <_V_> kannst ja sagen obs laggt oder so
2011-03-22 17:07:05 [INFO] <_V_> oO nich gut?
2011-03-22 17:07:09 [INFO] _V_ issued server command: tp _V_ mightymomo
2011-03-22 17:07:09 [INFO] _V_: Teleporting _V_ to mightymomo.
2011-03-22 17:07:13 [INFO] <mightymomo> will nicht alles neu machen müssen
2011-03-22 17:07:17 [INFO] <_V_> >.<
2011-03-22 17:07:18 [INFO] <mightymomo> mein tetris..
2011-03-22 17:07:20 [INFO] <mightymomo> mein schiff
2011-03-22 17:07:23 [INFO] <mightymomo> so eine riesen arbeit
2011-03-22 17:07:25 [INFO] <mightymomo> mein dorf
2011-03-22 17:07:27 [INFO] <_V_> vielleicht musst du das nicht...
2011-03-22 17:07:36 [INFO] <_V_> hab eigentlich nichts gegen neue welt =P *duck*
2011-03-22 17:08:04 [INFO] <mightymomo> kriegst aufn kopp!
2011-03-22 17:08:09 [INFO] <_V_> komm doch =D
2011-03-22 17:08:17 [INFO] <_V_> achja teste mal op du /give hast und tp
2011-03-22 17:08:17 [INFO] <mightymomo> du hast nichts, weil du nichts gemacht hast!!!
2011-03-22 17:08:30 [INFO] <_V_> von wegen weil du solltest als admin eingetragen sein
2011-03-22 17:09:03 [INFO] <mightymomo> ernsthaft, lass versuchen die welt zu bekommen
2011-03-22 17:09:10 [INFO] <mightymomo> pascal will die mit sicherheit auch
2011-03-22 17:09:15 [INFO] <mightymomo> bei seiner riesen base
2011-03-22 17:09:27 [INFO] <mightymomo> schneeeee!!!!
2011-03-22 17:09:35 [INFO] <_V_> yeah y4
2011-03-22 17:09:37 [INFO] <_V_> <3
2011-03-22 17:09:39 [INFO] <_V_> rockt
2011-03-22 17:09:48 [INFO] <mightymomo> y4?
2011-03-22 17:10:10 [INFO] <_V_> vertippt man =D
2011-03-22 17:10:22 [INFO] <_V_> schnee find ich nice
2011-03-22 17:10:26 [INFO] <_V_> hoffe die fixen die schneebälle
2011-03-22 17:10:29 [INFO] <_V_> das wär funny
2011-03-22 17:10:38 [INFO] <mightymomo> ich auch, aber in der anderen welt steckt soviel arbeit
2011-03-22 17:10:47 [INFO] <_V_> .. heul doch =D
2011-03-22 17:10:50 [INFO] <mightymomo> tu ich doch!!
2011-03-22 17:10:51 [INFO] <_V_> wie gesagt versuch sie zu bekommen
2011-03-22 17:10:57 [INFO] <_V_> kann ich nicht garantieren
2011-03-22 17:11:39 [INFO] <_V_> btw laggt eigentlich?
2011-03-22 17:11:43 [INFO] <mightymomo> ne bissher nich
2011-03-22 17:13:27 [INFO] <_V_> achja würdest du denn mit auf nen eigenen server moven wenn wir moven?
2011-03-22 17:13:33 [INFO] <mightymomo> wie vie leis hier ist :D
2011-03-22 17:13:38 [INFO] <_V_> und auch wenn wir die alte welt nich bekommen? =O
2011-03-22 17:13:43 [INFO] <mightymomo> muss ich ja scheinbar :D
2011-03-22 17:13:46 [INFO] <_V_> =D
2011-03-22 17:13:48 [INFO] <_V_> hooray
2011-03-22 17:13:57 [INFO] <mightymomo> würde noch nen kumpel dazu holen
2011-03-22 17:14:04 [INFO] <_V_> klar mach halt
2011-03-22 17:14:13 [INFO] <mightymomo> aber mein schiff :(
2011-03-22 17:14:17 [INFO] <_V_> ='(
2011-03-22 17:14:26 [INFO] <mightymomo> das ist so toll
2011-03-22 17:14:33 [INFO] <mightymomo> dann bau ich ein kleineres, ist zuviel segel :D
2011-03-22 17:14:38 [INFO] <_V_> ..
2011-03-22 17:14:45 [INFO] <_V_> hab extra schon angefangen wolle zu sammeln =D
2011-03-22 17:14:50 [INFO] <mightymomo> hier? :D
2011-03-22 17:14:53 [INFO] <_V_> ja
2011-03-22 17:14:55 [INFO] <_V_> =D
2011-03-22 17:14:58 [INFO] <_V_> hab schon 4 P=
2011-03-22 17:15:24 [INFO] <mightymomo> aber wenn wir hier bauen, lass nen zentralen storage room bauen
2011-03-22 17:15:27 [INFO] <_V_> paar sachen gefallen mir hier ein paar nicht so - was sagste?
2011-03-22 17:15:32 [INFO] <_V_> *zur welt
2011-03-22 17:15:39 [INFO] <mightymomo> finds nen bisschen zuuu schnee lastig
2011-03-22 17:15:43 [INFO] <mightymomo> das eis nervt auch
2011-03-22 17:15:53 [INFO] <_V_> ich finds eigenltich ganz nice aber dann löschen wir halt?
2011-03-22 17:15:59 [INFO] _V_ issued server command: tp _V_ mightymomo
2011-03-22 17:15:59 [INFO] _V_: Teleporting _V_ to mightymomo.
2011-03-22 17:16:08 [INFO] <mightymomo> hab noch kein ort gefunden, in der nähe des spawns, der mir wirklich gefällt
2011-03-22 17:16:27 [INFO] <_V_> hm ok dann halt löschen und neu?
2011-03-22 17:16:30 [INFO] <mightymomo> jo
2011-03-22 17:16:31 [INFO] mightymomo lost connection: disconnect.quitting
2011-03-22 17:16:36 [INFO] CONSOLE: Stopping the server..
2011-03-22 17:16:36 [INFO] Stopping server
2011-03-22 17:16:36 [INFO] Saving chunks
2011-03-22 17:16:49 [INFO] Starting minecraft server version Beta 1.3
2011-03-22 17:16:49 [INFO] Loading properties
2011-03-22 17:16:49 [INFO] Starting Minecraft server on *:25565
2011-03-22 17:16:49 [INFO] Preparing level "world"
2011-03-22 17:16:49 [INFO] Preparing start region
2011-03-22 17:16:51 [INFO] Preparing spawn area: 4%
2011-03-22 17:16:52 [INFO] Preparing spawn area: 8%
2011-03-22 17:16:53 [INFO] Preparing spawn area: 12%
2011-03-22 17:16:54 [INFO] Preparing spawn area: 16%
2011-03-22 17:16:55 [INFO] Preparing spawn area: 20%
2011-03-22 17:16:56 [INFO] Preparing spawn area: 28%
2011-03-22 17:16:57 [INFO] Preparing spawn area: 32%
2011-03-22 17:16:58 [INFO] Preparing spawn area: 40%
2011-03-22 17:16:59 [INFO] Preparing spawn area: 44%
2011-03-22 17:17:00 [INFO] Preparing spawn area: 44%
2011-03-22 17:17:01 [INFO] Preparing spawn area: 48%
2011-03-22 17:17:02 [INFO] Preparing spawn area: 52%
2011-03-22 17:17:03 [INFO] Preparing spawn area: 56%
2011-03-22 17:17:04 [INFO] Preparing spawn area: 57%
2011-03-22 17:17:05 [INFO] Preparing spawn area: 61%
2011-03-22 17:17:06 [INFO] Preparing spawn area: 61%
2011-03-22 17:17:07 [INFO] Preparing spawn area: 65%
2011-03-22 17:17:08 [INFO] Preparing spawn area: 69%
2011-03-22 17:17:09 [INFO] Preparing spawn area: 69%
2011-03-22 17:17:10 [INFO] Preparing spawn area: 73%
2011-03-22 17:17:11 [INFO] Preparing spawn area: 73%
2011-03-22 17:17:12 [INFO] Preparing spawn area: 77%
2011-03-22 17:17:13 [INFO] Preparing spawn area: 85%
2011-03-22 17:17:14 [INFO] Preparing spawn area: 89%
2011-03-22 17:17:15 [INFO] Preparing spawn area: 93%
2011-03-22 17:17:16 [INFO] Preparing spawn area: 97%
2011-03-22 17:17:17 [INFO] Done (28222068381ns)! For help, type "help" or "?"
2011-03-22 17:17:19 [INFO] _V_ [/88.71.89.15:51266] logged in with entity id 235
2011-03-22 17:17:34 [INFO] mightymomo [/217.252.85.117:52340] logged in with entity id 7758
2011-03-22 17:18:15 [INFO] <_V_> sehr waldig
2011-03-22 17:18:18 [INFO] <mightymomo> extrem
2011-03-22 17:18:18 [INFO] p_ascal [/83.189.91.48:50355] logged in with entity id 8110
2011-03-22 17:18:22 [INFO] p_ascal tried command: list
2011-03-22 17:18:25 [INFO] <mightymomo> aber gar nicht sooo schlecht
2011-03-22 17:18:34 [INFO] <_V_> btw alle als admin eingetragen?
2011-03-22 17:18:38 [INFO] <mightymomo> hier find ich es nett
2011-03-22 17:18:44 [INFO] <mightymomo> wasser, wald und berge
2011-03-22 17:18:49 [INFO] <_V_> jo dito
2011-03-22 17:18:55 [INFO] <_V_> schade - eis fand ich nice =D
2011-03-22 17:18:59 [INFO] p_ascal tried command: list
2011-03-22 17:19:04 [INFO] p_ascal tried command: list
2011-03-22 17:19:12 [INFO] <_V_> habt ihr admin befehle oder eher nicht so?
2011-03-22 17:19:13 [INFO] <mightymomo> wird das ein cheatfreier server? :D
2011-03-22 17:19:19 [INFO] <p_ascal> JA
2011-03-22 17:19:20 [INFO] <_V_> ja definitiv oder
2011-03-22 17:19:22 [INFO] _V_ issued server command: list
2011-03-22 17:19:22 [INFO] <mightymomo> du meinst op?
2011-03-22 17:19:27 [INFO] <_V_> ja op / admin
2011-03-22 17:19:31 [INFO] <mightymomo> yo, hab ich
2011-03-22 17:19:34 [INFO] <_V_> seid beide in der admin.txt <3
2011-03-22 17:19:37 [INFO] <_V_> also > op
2011-03-22 17:19:38 [INFO] <_V_> =D
2011-03-22 17:19:51 [INFO] mightymomo tried command: list
2011-03-22 17:19:57 [INFO] <mightymomo> kann aber nicht /list
2011-03-22 17:20:00 [INFO] _V_ issued server command: list
2011-03-22 17:20:08 [INFO] <_V_> könnt ihr euch selbnst op geben?
2011-03-22 17:20:11 [INFO] <p_ascal> moe kennst schon den plan?
2011-03-22 17:20:12 [INFO] <_V_> ./op mightymomo
2011-03-22 17:20:14 [INFO] mightymomo tried command: op mightymom
2011-03-22 17:20:16 [INFO] <mightymomo> nope
2011-03-22 17:20:17 [INFO] <p_ascal> momo ...
2011-03-22 17:20:25 [INFO] _V_ issued server command: op _V_
2011-03-22 17:20:25 [INFO] _V_: Opping _V_
2011-03-22 17:20:26 [INFO] <mightymomo> welchen plan?
2011-03-22 17:20:31 [INFO] <p_ascal> nen freund von mir wird hosten
2011-03-22 17:20:40 [INFO] <mightymomo> kay?
2011-03-22 17:20:46 [INFO] <mightymomo> hat er nen server?
2011-03-22 17:20:50 [INFO] <p_ascal> jup
2011-03-22 17:20:52 [INFO] <mightymomo> oder ne extrem geile leitung?
2011-03-22 17:20:57 [INFO] <p_ascal> 16k
2011-03-22 17:21:03 [INFO] <mightymomo> assoooo!
2011-03-22 17:21:07 [INFO] <_V_> mist
2011-03-22 17:21:24 [INFO] <mightymomo> was hat er denn nu?
2011-03-22 17:21:28 [INFO] <mightymomo> nen eigenen server bei sich?
2011-03-22 17:21:31 [INFO] <p_ascal> ja
2011-03-22 17:21:36 [INFO] <_V_> also auch "laptopserver"? =D
2011-03-22 17:21:39 [INFO] <mightymomo> dann haben wir wieder das problem wie vorher
2011-03-22 17:21:45 [INFO] <_V_> hauptsache alle haben zugriff auf die welt ;)
2011-03-22 17:21:49 [INFO] <_V_> -> dropbox
2011-03-22 17:21:50 [INFO] <_V_> !!!!
2011-03-22 17:21:55 [INFO] <p_ascal> genau!!!!
2011-03-22 17:21:57 [INFO] <_V_> zur not selbst clonen und so
2011-03-22 17:22:02 [INFO] <mightymomo> wenn der server lahmt ... ?
2011-03-22 17:22:09 [INFO] <mightymomo> dann hab ich die welt und kann single spielen
2011-03-22 17:22:13 [INFO] <p_ascal> hast du doch die welt
2011-03-22 17:22:13 [INFO] <mightymomo> -> horay?!
2011-03-22 17:22:17 [INFO] <_V_> jop
2011-03-22 17:22:23 [INFO] <p_ascal> horay :D
2011-03-22 17:22:25 [INFO] <_V_> müssen wir schauen wie das mit syncen ist ;)
2011-03-22 17:22:27 [INFO] <mightymomo> und dann macht das noch einer und wir überspeichern uns gegenseitig?
2011-03-22 17:22:32 [INFO] <_V_> und jeder kann selbst backups machen wenn er denkt
2011-03-22 17:22:35 [INFO] <p_ascal> instandsync
2011-03-22 17:22:43 [INFO] <_V_> könnte kollisionen geben
2011-03-22 17:22:47 [INFO] <mightymomo> *wird
2011-03-22 17:22:57 [INFO] <_V_> würd ja schonmal jetzt gern testen was passiert wenn wir den server hier mehrfach starten
2011-03-22 17:23:12 [INFO] <_V_> ob das glatt geht oder konflikte gibt
2011-03-22 17:23:12 [INFO] <p_ascal> ich mach ma D:D
2011-03-22 17:23:21 [INFO] <_V_> jo =D
2011-03-22 17:23:22 [INFO] p_ascal lost connection: disconnect.genericReason
2011-03-22 17:23:45 [SEVERE] Unexpected exception
lb: The save is being accessed from another location, aborting
	at cw.b(SourceFile:59)
	at cp.i(SourceFile:1747)
	at cp.r(SourceFile:241)
	at cp.a(SourceFile:234)
	at cp.g(SourceFile:1378)
	at net.minecraft.server.MinecraftServer.h(SourceFile:321)
	at net.minecraft.server.MinecraftServer.run(SourceFile:260)
	at bc.run(SourceFile:366)
2011-03-22 17:25:02 [INFO] Starting minecraft server version Beta 1.3
2011-03-22 17:25:02 [INFO] Loading properties
2011-03-22 17:25:02 [INFO] Starting Minecraft server on *:25565
2011-03-22 17:25:02 [INFO] Preparing level "world"
2011-03-22 17:25:02 [INFO] Preparing start region
2011-03-22 17:25:03 [INFO] Preparing spawn area: 48%
2011-03-22 17:25:04 [INFO] Preparing spawn area: 52%
2011-03-22 17:25:05 [INFO] Preparing spawn area: 61%
2011-03-22 17:25:06 [INFO] Preparing spawn area: 69%
2011-03-22 17:25:07 [INFO] Preparing spawn area: 81%
2011-03-22 17:25:08 [INFO] Done (6173554959ns)! For help, type "help" or "?"
2011-03-22 17:25:24 [INFO] mightymomo [/217.252.85.117:52444] logged in with entity id 1213
2011-03-22 17:26:06 [INFO] _V_ [/88.71.89.15:51276] logged in with entity id 2152
2011-03-22 17:26:25 [INFO] <_V_> uis das die welt?
2011-03-22 17:26:27 [INFO] <_V_> oder ne neue?
2011-03-22 17:26:33 [INFO] <mightymomo> ist die
2011-03-22 17:26:38 [INFO] <mightymomo> nur wurde alles resettet
2011-03-22 17:28:17 [INFO] <_V_> admin.txt ist auch resettet
2011-03-22 17:28:27 [INFO] <_V_> wär auch zu schade =D
2011-03-22 17:28:31 [INFO] <_V_> und irgendwie wow
2011-03-22 17:28:32 [INFO] <_V_> naja
2011-03-22 17:28:40 [INFO] <_V_> halt aufpassen bei wem das ding läuft
2011-03-22 17:28:59 [INFO] _V_ issued server command: time set 0
2011-03-22 17:28:59 [INFO] _V_: Set time to 0
2011-03-22 17:29:04 [INFO] _V_ issued server command: op mightymomo
2011-03-22 17:29:04 [INFO] _V_: Opping mightymomo
2011-03-22 17:29:08 [INFO] _V_ issued server command: op p_ascal
2011-03-22 17:29:08 [INFO] _V_: Opping p_ascal
2011-03-22 17:31:45 [INFO] mightymomo issued server command: list
2011-03-22 17:32:54 [INFO] _V_ issued server command: tp _V_ mightymomo
2011-03-22 17:32:54 [INFO] _V_: Teleporting _V_ to mightymomo.
2011-03-22 17:33:00 [INFO] <_V_> baust du schon? Oo
2011-03-22 17:34:28 [INFO] p_ascal [/83.189.91.48:50453] logged in with entity id 7749
2011-03-22 17:34:42 [INFO] p_ascal issued server command: list
2011-03-22 17:34:48 [INFO] <p_ascal> momo hör auf zu bauen
2011-03-22 17:36:36 [INFO] p_ascal lost connection: disconnect.genericReason
2011-03-22 17:38:06 [INFO] _V_ issued server command: tp _V_ mightymomo
2011-03-22 17:38:06 [INFO] _V_: Teleporting _V_ to mightymomo.
2011-03-22 17:38:21 [INFO] <mightymomo> klar bau ic hschon
2011-03-22 17:38:23 [INFO] <mightymomo> wieso nicht?
2011-03-22 17:38:35 [INFO] <_V_> pascal will die welt wohl nicht übernehmen oder so ka
2011-03-22 17:38:38 [INFO] <_V_> musst ihn mal fragen
2011-03-22 17:38:41 [INFO] <mightymomo> wieso?
2011-03-22 17:38:46 [INFO] <_V_> ka frag ihn
2011-03-22 17:38:59 [INFO] <mightymomo> dann soll er mal da bleiben, der homo
2011-03-22 17:39:19 [INFO] _V_ issued server command: time set 0
2011-03-22 17:39:19 [INFO] _V_: Set time to 0
2011-03-22 17:47:40 [INFO] mightymomo issued server command: list
2011-03-22 17:47:41 [INFO] <mightymomo> mh
2011-03-22 17:53:04 [INFO] mightymomo lost connection: disconnect.quitting
2011-03-22 17:55:56 [INFO] _V_ lost connection: disconnect.genericReason
2011-03-22 21:14:09 [INFO] Starting minecraft server version Beta 1.3
2011-03-22 21:14:09 [INFO] Loading properties
2011-03-22 21:14:09 [INFO] Starting Minecraft server on *:25565
2011-03-22 21:14:09 [INFO] Preparing level "world"
2011-03-22 21:14:09 [INFO] Preparing start region
2011-03-22 21:14:10 [INFO] Preparing spawn area: 97%
2011-03-22 21:14:11 [INFO] Done (1999057132ns)! For help, type "help" or "?"
2011-03-22 21:23:26 [INFO] platsch [/88.71.89.15:61286] logged in with entity id 187
2011-03-22 21:25:55 [INFO] _V_ [/88.71.89.15:51626] logged in with entity id 2813
2011-03-22 21:26:14 [INFO] <_V_> waaah
2011-03-22 21:26:16 [INFO] <_V_> zombie
2011-03-22 21:26:17 [INFO] _V_ issued server command: list
2011-03-22 21:26:20 [INFO] _V_ issued server command: op platsch
2011-03-22 21:26:20 [INFO] _V_: Opping platsch
2011-03-22 21:26:27 [INFO] <platsch> wo?
2011-03-22 21:26:33 [INFO] <_V_> da wo ich mich eingemauert hab
2011-03-22 21:26:36 [INFO] _V_ issued server command: time set 0
2011-03-22 21:26:36 [INFO] _V_: Set time to 0
2011-03-22 21:26:48 [INFO] _V_ issued server command: tp _V_ platsch
2011-03-22 21:26:48 [INFO] _V_: Teleporting _V_ to platsch.
2011-03-22 21:27:04 [INFO] <_V_> hänge im lagloch
2011-03-22 21:27:08 [INFO] <_V_> muss warten bis welt aufgebaut
2011-03-22 21:27:10 [INFO] <_V_> und da
2011-03-22 21:27:23 [INFO] <_V_> gib mal holz
2011-03-22 21:27:55 [INFO] <platsch> wo bist du denn hin?
2011-03-22 21:28:06 [INFO] <_V_> hier
2011-03-22 21:28:07 [INFO] <platsch> kam doch ganz viel runtergefallen
2011-03-22 21:28:09 [INFO] <_V_> gleich bei der höle
2011-03-22 21:29:35 [INFO] <_V_> mauern wir uns hier erstmal so ein?
2011-03-22 21:29:39 [INFO] <_V_> und dann später bauen wir aus
2011-03-22 21:29:41 [INFO] <_V_> also erstmal klein
2011-03-22 21:29:51 [INFO] <platsch> ok
2011-03-22 21:29:59 [INFO] <platsch> au =(
2011-03-22 21:30:02 [INFO] <_V_> oh
2011-03-22 21:30:30 [INFO] <platsch> wir brauchen nen ofen =D
2011-03-22 21:30:45 [INFO] <_V_> schnell noch axt bauen
2011-03-22 21:30:47 [INFO] <_V_> und holz für nacht
2011-03-22 21:30:48 [INFO] <platsch> 8 eisen =)
2011-03-22 21:32:36 [INFO] <_V_> oh komm mal hier
2011-03-22 21:32:40 [INFO] <_V_> sieht ja lustig aus
2011-03-22 21:32:57 [INFO] <_V_> da
2011-03-22 21:33:05 [INFO] <platsch> cooooool
2011-03-22 21:33:07 [INFO] <platsch> =D
2011-03-22 21:34:01 [INFO] <_V_> oh wird bald nacht
2011-03-22 21:34:02 [INFO] <platsch> whaaa total laggy
2011-03-22 21:34:06 [INFO] <_V_> lass nach hause und ne höle bauen
2011-03-22 21:34:08 [INFO] <_V_> nö ists nicht
2011-03-22 21:34:14 [INFO] <_V_> stell mal schattenzeugs aus
2011-03-22 21:34:18 [INFO] <_V_> dann ist auch nicht mehr laggy
2011-03-22 21:35:32 [INFO] <_V_> bist du schon in höle?
2011-03-22 21:36:32 [INFO] <platsch> ja hier hängts voll beim umstellen vom kram
2011-03-22 21:36:37 [INFO] <platsch> nochmal versuchen
2011-03-22 21:37:36 [INFO] <_V_> komm schnell mit
2011-03-22 21:37:39 [INFO] <_V_> hier ist dunkel
2011-03-22 21:38:16 [INFO] <platsch> und nu? =O
2011-03-22 21:39:19 [INFO] <platsch> ??
2011-03-22 21:39:27 [INFO] <_V_> da jetzt haben wir verschiedene türen in der base =D
2011-03-22 21:40:35 [INFO] <_V_> hab dir licht gegeben
2011-03-22 21:40:45 [INFO] <platsch> =)
2011-03-22 21:41:48 [INFO] <platsch> es pinnt irgendwo =(
2011-03-22 21:43:03 [INFO] <platsch> thank u =)
2011-03-22 21:43:47 [INFO] <_V_> mach mal nen ofen und eisen
2011-03-22 21:44:08 [INFO] <platsch> )=
2011-03-22 21:45:16 [INFO] <_V_> glaub ich geh gleich ganz viel sand sammeln
2011-03-22 21:46:07 [INFO] <platsch> und was ist mit mir? =(
2011-03-22 21:46:18 [INFO] <_V_> ka komm imt?
2011-03-22 21:46:20 [INFO] <_V_> sammel holz?
2011-03-22 21:46:21 [INFO] <platsch> oh brennender zombie auf baum
2011-03-22 21:46:24 [INFO] <_V_> buddel ein loch?
2011-03-22 21:46:25 [INFO] <platsch> ok
2011-03-22 21:46:31 [INFO] <platsch> ein loch =D
2011-03-22 21:46:31 [INFO] <_V_> sammel schweinefleisch
2011-03-22 21:46:33 [INFO] <_V_> bau ne plantage
2011-03-22 21:46:37 [INFO] <_V_> mach glasfenster rein
2011-03-22 21:46:38 [INFO] <_V_> ka =D
2011-03-22 21:47:39 [INFO] <_V_> laggt bei mir undheimlich doll =(
2011-03-22 21:47:51 [INFO] <platsch> sag ich ja...
2011-03-22 21:47:59 [INFO] <_V_> meh =(
2011-03-22 21:48:17 [INFO] <platsch> dafür haben wir jetzt mehr eisen =)
2011-03-22 21:48:48 [INFO] <_V_> kannst mal aufm laptop dropbox ausmachen?
2011-03-22 21:48:51 [INFO] <_V_> und browser?
2011-03-22 21:49:03 [INFO] <platsch> euh... ich versuchs Oo
2011-03-22 21:49:55 [INFO] <platsch> was fürn bowser?
2011-03-22 21:50:01 [INFO] <platsch> chrome?
2011-03-22 21:50:10 [INFO] <_V_> ja
2011-03-22 21:50:10 [INFO] <platsch> da ist dann nämlich ein fenster weg Oo
2011-03-22 21:50:15 [INFO] <_V_> aber dropbox ist wihcitger
2011-03-22 21:50:22 [INFO] <platsch> das is schon aus
2011-03-22 21:50:42 [INFO] <_V_> glaub daran lags
2011-03-22 21:53:17 [INFO] <_V_> ok jetzt laggts wieder =(
2011-03-22 21:53:43 [INFO] <platsch> oh =(
2011-03-22 21:53:50 [INFO] <_V_> bei dir auch?
2011-03-22 21:55:20 [INFO] _V_ lost connection: disconnect.genericReason
2011-03-22 21:59:33 [INFO] platsch lost connection: disconnect.quitting
2011-03-22 22:07:49 [INFO] platsch [/192.168.178.23:61410] logged in with entity id 286167
2011-03-22 22:09:13 [INFO] platsch lost connection: disconnect.quitting
2011-03-23 19:20:15 [WARNING] Can't keep up! Did the system time change, or is the server overloaded?
2011-03-23 19:20:33 [WARNING] Can't keep up! Did the system time change, or is the server overloaded?
2011-03-23 19:20:48 [WARNING] Time ran backwards! Did the system time change?
2011-03-24 00:25:43 [INFO] mightymomo [/217.252.85.101:55935] logged in with entity id 287049
2011-03-24 00:25:48 [INFO] mightymomo issued server command: list
2011-03-24 00:28:02 [INFO] _V_ [/192.168.178.26:51497] logged in with entity id 288725
2011-03-24 00:28:06 [INFO] _V_ issued server command: list
2011-03-24 00:28:08 [INFO] <_V_> OO
2011-03-24 00:28:15 [INFO] <mightymomo> mh?
2011-03-24 00:28:23 [INFO] <_V_> gefunden wo?
2011-03-24 00:28:24 [INFO] <_V_> =D
2011-03-24 00:28:30 [INFO] <mightymomo> wie gefunden wo?
2011-03-24 00:28:36 [INFO] <_V_> unser unterschlupf ^
2011-03-24 00:28:39 [INFO] <_V_> oder wo bist du denn?
2011-03-24 00:28:48 [INFO] <mightymomo> bin am wasser
2011-03-24 00:29:16 [INFO] <_V_> nooo
2011-03-24 00:29:18 [INFO] <_V_> runde tag?
2011-03-24 00:29:22 [INFO] <mightymomo> jo
2011-03-24 00:29:26 [INFO] <_V_> hast du ein bett?
2011-03-24 00:29:31 [INFO] <mightymomo> nope
2011-03-24 00:29:38 [INFO] <_V_> tun wir mal so als hätten wir eins?
2011-03-24 00:29:58 [INFO] <mightymomo> ..ich lieg
2011-03-24 00:30:00 [INFO] _V_ issued server command: time add 12000
2011-03-24 00:30:00 [INFO] _V_: Added 12000 to time
2011-03-24 00:30:02 [INFO] <_V_> ich auch
2011-03-24 00:30:39 [INFO] <_V_> ka wo du bist =D
2011-03-24 00:31:13 [INFO] <mightymomo> mh
2011-03-24 00:31:16 [INFO] <mightymomo> am wasser halt
2011-03-24 00:31:34 [INFO] <_V_> glaub hier is ne insel
2011-03-24 00:32:02 [INFO] <_V_> hey seh dich am horizont glaub ich
2011-03-24 00:32:14 [INFO] <mightymomo> oh ja
2011-03-24 00:32:58 [INFO] <_V_> hier is kuhl
2011-03-24 00:33:04 [INFO] <_V_> 3 einganshöle und so
2011-03-24 00:33:14 [INFO] <mightymomo> jau, finds auch ganz nett
2011-03-24 00:33:17 [INFO] <_V_> die welt <3
2011-03-24 00:35:58 [INFO] <_V_> brauchst sand? =D
2011-03-24 00:36:02 [INFO] <mightymomo> jau
2011-03-24 00:37:33 [INFO] <_V_> strange stellen gibts hier auch Oo
2011-03-24 00:37:42 [INFO] <_V_> wasser fällt falsch ab
2011-03-24 00:37:53 [INFO] <_V_> müsste eigentlich fliessen .. tuts aber nich Oo
2011-03-24 00:37:57 [INFO] <mightymomo> :D
2011-03-24 00:38:27 [INFO] <_V_> erinnert mich an den trailer von gestern abend =D
2011-03-24 00:38:38 [INFO] <mightymomo> das wasser? :D
2011-03-24 00:38:43 [INFO] <_V_> ne das haus
2011-03-24 00:38:46 [INFO] <_V_> was nich fertig wird
2011-03-24 00:38:50 [INFO] <_V_> und die nacht nie rumgeht =D
2011-03-24 00:38:52 [INFO] <mightymomo> :D
2011-03-24 00:38:54 [INFO] <_V_> der war mal genial <3
2011-03-24 00:39:04 [INFO] <mightymomo> cool ty
2011-03-24 00:39:13 [INFO] <_V_> hast du noch 2 stein?
2011-03-24 00:39:46 [INFO] <_V_> kannst ja wieder abreissen wenn der nich richtig steht =P
2011-03-24 00:39:55 [INFO] <mightymomo> erstmal wayne
2011-03-24 00:40:03 [INFO] <mightymomo> ty fürs licht
2011-03-24 00:41:11 [INFO] <_V_> sollen überall fenster rein wo noch platz?
2011-03-24 00:41:17 [INFO] <mightymomo> yo
2011-03-24 00:41:23 [INFO] <_V_> btw jetzt hab ich das prob auch hier
2011-03-24 00:41:26 [INFO] <mightymomo> dachte ich mir so
2011-03-24 00:41:29 [INFO] <_V_> wtf =/
2011-03-24 00:41:33 [INFO] <mightymomo> mitm ruckeln?
2011-03-24 00:41:36 [INFO] <_V_> nach 6 min oder so laggts wie dumm
2011-03-24 00:41:38 [INFO] <_V_> ja
2011-03-24 00:41:43 [INFO] <mightymomo> oh warte:
2011-03-24 00:41:48 [INFO] <mightymomo> defragmentier mal! :D
2011-03-24 00:41:48 [INFO] <_V_> graka kaputt? Oo oder was ist das >.<
2011-03-24 00:41:57 [INFO] <_V_> hmm
2011-03-24 00:42:02 [INFO] <_V_> is wirklich sehr sehr voll
2011-03-24 00:42:07 [INFO] <_V_> aber ssd.. wayne und warum? =D
2011-03-24 00:42:09 [INFO] <_V_> mal testen =D
2011-03-24 00:42:15 [INFO] <mightymomo> war eher nen scherz
2011-03-24 00:42:19 [INFO] <_V_> =(
2011-03-24 00:42:25 [INFO] <_V_> bin verzweifelt =D
2011-03-24 00:42:27 [INFO] <mightymomo> früher hiess es immer, wenn was nicht lief
2011-03-24 00:42:34 [INFO] <mightymomo> "defrag"
2011-03-24 00:42:39 [INFO] <_V_> kann ja sein ka >.<
2011-03-24 00:42:41 [INFO] _V_ lost connection: disconnect.quitting
2011-03-24 00:42:41 [INFO] <mightymomo> was eig. nicht soooo viel aus macht
2011-03-24 00:42:46 [INFO] _V_ [/192.168.178.26:51510] logged in with entity id 373876
2011-03-24 00:43:02 [INFO] <mightymomo> daddelst am laptop?
2011-03-24 00:43:07 [INFO] <_V_> nö rechner =/
2011-03-24 00:43:23 [INFO] <mightymomo> soll ich dir ne graka morgen zum testen mitgeben?
2011-03-24 00:43:25 [INFO] <mightymomo> hab noch eine
2011-03-24 00:43:35 [INFO] <_V_> wenn du die nich brauchst jaa >.<
2011-03-24 00:43:41 [INFO] <mightymomo> yo, kann ich machen
2011-03-24 00:43:51 [INFO] <mightymomo> ist ne alte ... geforce mx irgendwas
2011-03-24 00:43:55 [INFO] <mightymomo> 400 - gibts das?
2011-03-24 00:44:03 [INFO] <mightymomo> ich bin gleich tot :D
2011-03-24 00:44:18 [INFO] <_V_> brat mal
2011-03-24 00:44:37 [INFO] <mightymomo> ty
2011-03-24 00:45:00 [INFO] <_V_> geforce 8600 gt hab ich drin
2011-03-24 00:45:03 [INFO] <_V_> ka woher =D
2011-03-24 00:45:11 [INFO] <_V_> ist aber schon ne weile alt
2011-03-24 00:45:19 [INFO] <mightymomo> mh, ich hab ka mehr was das für eine ist
2011-03-24 00:45:22 [INFO] <mightymomo> ich hol mal eben
2011-03-24 00:45:46 [INFO] <mightymomo> meh, steht nicht drauf
2011-03-24 00:45:51 [INFO] <mightymomo> geforce halt
2011-03-24 00:45:54 [INFO] <mightymomo> aber nur ne kleine alte
2011-03-24 00:45:54 [INFO] <_V_> =D
2011-03-24 00:46:00 [INFO] <mightymomo> wow konnte ich mal damit flüssig spielen
2011-03-24 00:46:15 [INFO] <_V_> hm
2011-03-24 00:46:20 [INFO] <_V_> minecraft auch? =D
2011-03-24 00:46:21 [INFO] <mightymomo> zum testen langts
2011-03-24 00:46:29 [INFO] <_V_> naja wenn die von natur aus auch schon laggt =D
2011-03-24 00:46:33 [INFO] <mightymomo> ka, könnte hart werden
2011-03-24 00:46:36 [INFO] <_V_> =D
2011-03-24 00:46:43 [INFO] <mightymomo> musst mal ausprobieren
2011-03-24 00:46:44 [INFO] <mightymomo> ka
2011-03-24 00:46:58 [INFO] <_V_> hast du wolle oder bett?
2011-03-24 00:47:05 [INFO] <mightymomo> 1
2011-03-24 00:47:06 [INFO] <mightymomo> :D
2011-03-24 00:47:17 [INFO] mightymomo lost connection: disconnect.quitting
2011-03-24 00:47:27 [INFO] mightymomo [/217.252.85.101:56098] logged in with entity id 470517
2011-03-24 00:47:29 [INFO] <mightymomo> :D
2011-03-24 00:47:31 [INFO] <_V_> lol
2011-03-24 00:47:49 [INFO] <_V_> >.<
2011-03-24 00:47:49 [INFO] <mightymomo> waa
2011-03-24 00:47:59 [INFO] <mightymomo> wir sind umzingelt :/
2011-03-24 00:48:01 [INFO] <_V_> haha tur zu -> in den rücken hauen =D
2011-03-24 00:48:12 [INFO] <mightymomo> ich bin btw. fast dafür morgen nach dt abzuhauen
2011-03-24 00:48:16 [INFO] <mightymomo> würde gerne mathe lernen
2011-03-24 00:48:19 [INFO] <_V_> jo >.<
2011-03-24 00:48:24 [INFO] <mightymomo> muss mir da doch noch nen bisschen was angucken
2011-03-24 00:48:47 [INFO] _V_ lost connection: disconnect.quitting
2011-03-24 00:48:50 [INFO] _V_ [/192.168.178.26:51513] logged in with entity id 471068
2011-03-24 00:49:08 [INFO] <mightymomo> achtung :D
2011-03-24 00:49:48 [INFO] <_V_> waaah schwebebäume..
2011-03-24 00:49:53 [INFO] <mightymomo> :D
2011-03-24 00:50:03 [INFO] <_V_> brauch ein feuerzeug...
2011-03-24 00:50:24 [INFO] <mightymomo> war schon dabei die abzubauen
2011-03-24 00:50:53 [INFO] <_V_> firetime =P
2011-03-24 00:51:07 [INFO] <mightymomo> hast schon nen feuerzeug? Oo
2011-03-24 00:51:10 [INFO] <_V_> jo
2011-03-24 00:51:17 [INFO] <_V_> hatten noch 5 eisen
2011-03-24 00:51:18 [INFO] <mightymomo> nice
2011-03-24 00:51:28 [INFO] <mightymomo> uh, schon gegraben?
2011-03-24 00:51:34 [INFO] <_V_> jo ein kleines bisschen
2011-03-24 00:51:49 [INFO] <mightymomo> oben auf dem berg auch
2011-03-24 00:52:03 [INFO] <_V_> meh..
2011-03-24 00:52:09 [INFO] <_V_> willst haben das feuerzeug?
2011-03-24 00:52:14 [INFO] <_V_> brauchst es eher als ich =P
2011-03-24 00:52:16 [INFO] <_V_> fauler sack
2011-03-24 00:52:17 [INFO] <mightymomo> :D
2011-03-24 00:53:34 [INFO] <mightymomo> yeaa
2011-03-24 00:53:53 [INFO] _V_ lost connection: disconnect.quitting
2011-03-24 00:53:56 [INFO] _V_ [/192.168.178.26:51516] logged in with entity id 476425
2011-03-24 00:59:23 [INFO] <_V_> hast eins in der truhe
2011-03-24 00:59:29 [INFO] <mightymomo> mh?
2011-03-24 00:59:40 [INFO] mightymomo lost connection: disconnect.quitting
2011-03-24 00:59:46 [INFO] mightymomo [/217.252.85.101:56182] logged in with entity id 506383
2011-03-24 00:59:50 [INFO] <_V_> alter cheater =D
2011-03-24 00:59:51 [INFO] <mightymomo> ich hab dich gar nicht gesehen
2011-03-24 00:59:54 [INFO] <_V_> is doch eins in der truhe =D
2011-03-24 00:59:59 [INFO] <_V_> lag ja auch im bett
2011-03-24 01:00:10 [INFO] <mightymomo> auch da nicht, ich dachte das bett war bugt
2011-03-24 01:00:16 [INFO] <_V_> =O
2011-03-24 01:00:42 [INFO] <_V_> ey ne brücke oder balkonmässig rüber auf die andere seite hätte was
2011-03-24 01:00:49 [INFO] <mightymomo> hab ich auch gedacht
2011-03-24 01:01:05 [INFO] <mightymomo> balkong wollte ich nach vorne und hinten jeweils einen. und ne brücke auf die seiten
2011-03-24 01:01:12 [INFO] <_V_> yeah =D
2011-03-24 01:02:08 [INFO] <mightymomo> doch nen bisschen lütt das haus :D
2011-03-24 01:02:19 [INFO] <_V_> lütt?
2011-03-24 01:02:26 [INFO] <mightymomo> lütt == klein
2011-03-24 01:02:30 [INFO] <mightymomo> kennst nicht?
2011-03-24 01:02:37 [INFO] <_V_> ne =D
2011-03-24 01:02:52 [INFO] <mightymomo> weiss gar nicht ob das platt ist, oder einfach aus dem norden kommt
2011-03-24 01:06:13 [INFO] <_V_> mal dropbox anschmeissen und welt syncen
2011-03-24 01:06:15 [INFO] <_V_> sag obs laggt
2011-03-24 01:06:21 [INFO] <mightymomo> k
2011-03-24 01:10:57 [INFO] <mightymomo> hat kaum bis gar nicht gelagt
2011-03-24 01:11:02 [INFO] <mightymomo> minimal
2011-03-24 01:11:09 [INFO] <_V_> is aber immernoch am syncen =D
2011-03-24 01:11:19 [INFO] <_V_> jammert grad dass dateien in benutzung sind / locked sind
2011-03-24 01:11:23 [INFO] <mightymomo> dann war es nur beim anschmeissen
2011-03-24 01:11:27 [INFO] <_V_> 2 min
2011-03-24 01:11:30 [INFO] <_V_> jo da indext er alles
2011-03-24 01:11:34 [INFO] <_V_> aber scheint ja zu gehen
